# JRE version: OpenJDK Runtime Environment (8.0_171-b11) (build 1.8.0_171-8u171-b11-0ubuntu0.18.04.1-b11)
# Java VM: OpenJDK 64-Bit Server VM (25.171-b11 mixed mode linux-amd64 compressed oops)
Heap:
 PSYoungGen      total 139776K, used 12785K [0x00000000d6f80000, 0x00000000e0480000, 0x0000000100000000)
  eden space 126976K, 0% used [0x00000000d6f80000,0x00000000d6f80000,0x00000000deb80000)
  from space 12800K, 99% used [0x00000000deb80000,0x00000000df7fc5e8,0x00000000df800000)
  to   space 12288K, 0% used [0x00000000df880000,0x00000000df880000,0x00000000e0480000)
 ParOldGen       total 60416K, used 22999K [0x0000000084e00000, 0x0000000088900000, 0x00000000d6f80000)
  object space 60416K, 38% used [0x0000000084e00000,0x0000000086475e48,0x0000000088900000)
 Metaspace       used 25893K, capacity 26618K, committed 26880K, reserved 1073152K
  class space    used 3016K, capacity 3234K, committed 3328K, reserved 1048576K
GC Heap History (10 events):
Event: 1,302 GC heap after
Heap after GC invocations=3 (full 0):
 PSYoungGen      total 36864K, used 5112K [0x00000000d6f80000, 0x00000000db780000, 0x0000000100000000)
  eden space 31744K, 0% used [0x00000000d6f80000,0x00000000d6f80000,0x00000000d8e80000)
  from space 5120K, 99% used [0x00000000d8e80000,0x00000000d937e0e0,0x00000000d9380000)
  to   space 5120K, 0% used [0x00000000db280000,0x00000000db280000,0x00000000db780000)
 ParOldGen       total 84992K, used 3144K [0x0000000084e00000, 0x000000008a100000, 0x00000000d6f80000)
  object space 84992K, 3% used [0x0000000084e00000,0x0000000085112098,0x000000008a100000)
 Metaspace       used 14506K, capacity 14716K, committed 14976K, reserved 1062912K
  class space    used 1746K, capacity 1842K, committed 1920K, reserved 1048576K
}
Event: 1,748 GC heap before
{Heap before GC invocations=4 (full 0):
 PSYoungGen      total 36864K, used 36856K [0x00000000d6f80000, 0x00000000db780000, 0x0000000100000000)
  eden space 31744K, 100% used [0x00000000d6f80000,0x00000000d8e80000,0x00000000d8e80000)
  from space 5120K, 99% used [0x00000000d8e80000,0x00000000d937e0e0,0x00000000d9380000)
  to   space 5120K, 0% used [0x00000000db280000,0x00000000db280000,0x00000000db780000)
 ParOldGen       total 84992K, used 3144K [0x0000000084e00000, 0x000000008a100000, 0x00000000d6f80000)
  object space 84992K, 3% used [0x0000000084e00000,0x0000000085112098,0x000000008a100000)
 Metaspace       used 15234K, capacity 15520K, committed 15744K, reserved 1062912K
  class space    used 1826K, capacity 1916K, committed 1920K, reserved 1048576K
Event: 1,768 GC heap after
Heap after GC invocations=4 (full 0):
 PSYoungGen      total 68608K, used 5104K [0x00000000d6f80000, 0x00000000db780000, 0x0000000100000000)
  eden space 63488K, 0% used [0x00000000d6f80000,0x00000000d6f80000,0x00000000dad80000)
  from space 5120K, 99% used [0x00000000db280000,0x00000000db77c010,0x00000000db780000)
  to   space 5120K, 0% used [0x00000000dad80000,0x00000000dad80000,0x00000000db280000)
 ParOldGen       total 84992K, used 5323K [0x0000000084e00000, 0x000000008a100000, 0x00000000d6f80000)
  object space 84992K, 6% used [0x0000000084e00000,0x0000000085332ce8,0x000000008a100000)
 Metaspace       used 15234K, capacity 15520K, committed 15744K, reserved 1062912K
  class space    used 1826K, capacity 1916K, committed 1920K, reserved 1048576K
}
Event: 2,558 GC heap before
{Heap before GC invocations=5 (full 0):
 PSYoungGen      total 68608K, used 68592K [0x00000000d6f80000, 0x00000000db780000, 0x0000000100000000)
  eden space 63488K, 100% used [0x00000000d6f80000,0x00000000dad80000,0x00000000dad80000)
  from space 5120K, 99% used [0x00000000db280000,0x00000000db77c010,0x00000000db780000)
  to   space 5120K, 0% used [0x00000000dad80000,0x00000000dad80000,0x00000000db280000)
 ParOldGen       total 84992K, used 5323K [0x0000000084e00000, 0x000000008a100000, 0x00000000d6f80000)
  object space 84992K, 6% used [0x0000000084e00000,0x0000000085332ce8,0x000000008a100000)
 Metaspace       used 20455K, capacity 20892K, committed 21120K, reserved 1067008K
  class space    used 2428K, capacity 2580K, committed 2688K, reserved 1048576K
Event: 2,581 GC heap after
Heap after GC invocations=5 (full 0):
 PSYoungGen      total 68608K, used 5088K [0x00000000d6f80000, 0x00000000e0580000, 0x0000000100000000)
  eden space 63488K, 0% used [0x00000000d6f80000,0x00000000d6f80000,0x00000000dad80000)
  from space 5120K, 99% used [0x00000000dad80000,0x00000000db278020,0x00000000db280000)
  to   space 13312K, 0% used [0x00000000df880000,0x00000000df880000,0x00000000e0580000)
 ParOldGen       total 84992K, used 13811K [0x0000000084e00000, 0x000000008a100000, 0x00000000d6f80000)
  object space 84992K, 16% used [0x0000000084e00000,0x0000000085b7ce28,0x000000008a100000)
 Metaspace       used 20455K, capacity 20892K, committed 21120K, reserved 1067008K
  class space    used 2428K, capacity 2580K, committed 2688K, reserved 1048576K
}
Event: 2,618 GC heap before
{Heap before GC invocations=6 (full 0):
 PSYoungGen      total 68608K, used 10260K [0x00000000d6f80000, 0x00000000e0580000, 0x0000000100000000)
  eden space 63488K, 8% used [0x00000000d6f80000,0x00000000d748d348,0x00000000dad80000)
  from space 5120K, 99% used [0x00000000dad80000,0x00000000db278020,0x00000000db280000)
  to   space 13312K, 0% used [0x00000000df880000,0x00000000df880000,0x00000000e0580000)
 ParOldGen       total 84992K, used 13811K [0x0000000084e00000, 0x000000008a100000, 0x00000000d6f80000)
  object space 84992K, 16% used [0x0000000084e00000,0x0000000085b7ce28,0x000000008a100000)
 Metaspace       used 20647K, capacity 21102K, committed 21296K, reserved 1069056K
  class space    used 2441K, capacity 2582K, committed 2688K, reserved 1048576K
Event: 2,657 GC heap after
Heap after GC invocations=6 (full 0):
 PSYoungGen      total 139264K, used 6106K [0x00000000d6f80000, 0x00000000e0480000, 0x0000000100000000)
  eden space 126976K, 0% used [0x00000000d6f80000,0x00000000d6f80000,0x00000000deb80000)
  from space 12288K, 49% used [0x00000000df880000,0x00000000dfe76bd0,0x00000000e0480000)
  to   space 12800K, 0% used [0x00000000deb80000,0x00000000deb80000,0x00000000df800000)
 ParOldGen       total 84992K, used 13819K [0x0000000084e00000, 0x000000008a100000, 0x00000000d6f80000)
  object space 84992K, 16% used [0x0000000084e00000,0x0000000085b7ee28,0x000000008a100000)
 Metaspace       used 20647K, capacity 21102K, committed 21296K, reserved 1069056K
  class space    used 2441K, capacity 2582K, committed 2688K, reserved 1048576K
}
Event: 2,657 GC heap before
{Heap before GC invocations=7 (full 1):
 PSYoungGen      total 139264K, used 6106K [0x00000000d6f80000, 0x00000000e0480000, 0x0000000100000000)
  eden space 126976K, 0% used [0x00000000d6f80000,0x00000000d6f80000,0x00000000deb80000)
  from space 12288K, 49% used [0x00000000df880000,0x00000000dfe76bd0,0x00000000e0480000)
  to   space 12800K, 0% used [0x00000000deb80000,0x00000000deb80000,0x00000000df800000)
 ParOldGen       total 84992K, used 13819K [0x0000000084e00000, 0x000000008a100000, 0x00000000d6f80000)
  object space 84992K, 16% used [0x0000000084e00000,0x0000000085b7ee28,0x000000008a100000)
 Metaspace       used 20647K, capacity 21102K, committed 21296K, reserved 1069056K
  class space    used 2441K, capacity 2582K, committed 2688K, reserved 1048576K
Event: 2,748 GC heap after
Heap after GC invocations=7 (full 1):
 PSYoungGen      total 139264K, used 0K [0x00000000d6f80000, 0x00000000e0480000, 0x0000000100000000)
  eden space 126976K, 0% used [0x00000000d6f80000,0x00000000d6f80000,0x00000000deb80000)
  from space 12288K, 0% used [0x00000000df880000,0x00000000df880000,0x00000000e0480000)
  to   space 12800K, 0% used [0x00000000deb80000,0x00000000deb80000,0x00000000df800000)
 ParOldGen       total 60416K, used 14805K [0x0000000084e00000, 0x0000000088900000, 0x00000000d6f80000)
  object space 60416K, 24% used [0x0000000084e00000,0x0000000085c75778,0x0000000088900000)
 Metaspace       used 20647K, capacity 21102K, committed 21296K, reserved 1069056K
  class space    used 2441K, capacity 2582K, committed 2688K, reserved 1048576K
}
Event: 5,209 GC heap before
{Heap before GC invocations=8 (full 1):
 PSYoungGen      total 139264K, used 126526K [0x00000000d6f80000, 0x00000000e0480000, 0x0000000100000000)
  eden space 126976K, 99% used [0x00000000d6f80000,0x00000000deb0fb68,0x00000000deb80000)
  from space 12288K, 0% used [0x00000000df880000,0x00000000df880000,0x00000000e0480000)
  to   space 12800K, 0% used [0x00000000deb80000,0x00000000deb80000,0x00000000df800000)
 ParOldGen       total 60416K, used 14805K [0x0000000084e00000, 0x0000000088900000, 0x00000000d6f80000)
  object space 60416K, 24% used [0x0000000084e00000,0x0000000085c75778,0x0000000088900000)
 Metaspace       used 25893K, capacity 26618K, committed 26880K, reserved 1073152K
  class space    used 3016K, capacity 3234K, committed 3328K, reserved 1048576K

