# JRE version: OpenJDK Runtime Environment (8.0_171-b11) (build 1.8.0_171-8u171-b11-0ubuntu0.18.04.1-b11)
# Java VM: OpenJDK 64-Bit Server VM (25.171-b11 mixed mode linux-amd64 compressed oops)
Heap:
 PSYoungGen      total 139776K, used 12775K [0x00000000d6f80000, 0x00000000e0480000, 0x0000000100000000)
  eden space 126976K, 0% used [0x00000000d6f80000,0x00000000d6f80000,0x00000000deb80000)
  from space 12800K, 99% used [0x00000000deb80000,0x00000000df7f9c08,0x00000000df800000)
  to   space 12288K, 0% used [0x00000000df880000,0x00000000df880000,0x00000000e0480000)
 ParOldGen       total 60928K, used 20392K [0x0000000084e00000, 0x0000000088980000, 0x00000000d6f80000)
  object space 60928K, 33% used [0x0000000084e00000,0x00000000861ea220,0x0000000088980000)
 Metaspace       used 26100K, capacity 26874K, committed 27136K, reserved 1073152K
  class space    used 3017K, capacity 3234K, committed 3328K, reserved 1048576K
GC Heap History (10 events):
Event: 1,518 GC heap after
Heap after GC invocations=3 (full 0):
 PSYoungGen      total 36864K, used 5096K [0x00000000d6f80000, 0x00000000db780000, 0x0000000100000000)
  eden space 31744K, 0% used [0x00000000d6f80000,0x00000000d6f80000,0x00000000d8e80000)
  from space 5120K, 99% used [0x00000000d8e80000,0x00000000d937a0b0,0x00000000d9380000)
  to   space 5120K, 0% used [0x00000000db280000,0x00000000db280000,0x00000000db780000)
 ParOldGen       total 84992K, used 3112K [0x0000000084e00000, 0x000000008a100000, 0x00000000d6f80000)
  object space 84992K, 3% used [0x0000000084e00000,0x000000008510a3f8,0x000000008a100000)
 Metaspace       used 14523K, capacity 14716K, committed 14976K, reserved 1062912K
  class space    used 1746K, capacity 1842K, committed 1920K, reserved 1048576K
}
Event: 1,850 GC heap before
{Heap before GC invocations=4 (full 0):
 PSYoungGen      total 36864K, used 36840K [0x00000000d6f80000, 0x00000000db780000, 0x0000000100000000)
  eden space 31744K, 100% used [0x00000000d6f80000,0x00000000d8e80000,0x00000000d8e80000)
  from space 5120K, 99% used [0x00000000d8e80000,0x00000000d937a0b0,0x00000000d9380000)
  to   space 5120K, 0% used [0x00000000db280000,0x00000000db280000,0x00000000db780000)
 ParOldGen       total 84992K, used 3112K [0x0000000084e00000, 0x000000008a100000, 0x00000000d6f80000)
  object space 84992K, 3% used [0x0000000084e00000,0x000000008510a3f8,0x000000008a100000)
 Metaspace       used 15258K, capacity 15584K, committed 15744K, reserved 1062912K
  class space    used 1826K, capacity 1916K, committed 1920K, reserved 1048576K
Event: 1,860 GC heap after
Heap after GC invocations=4 (full 0):
 PSYoungGen      total 68608K, used 5104K [0x00000000d6f80000, 0x00000000db780000, 0x0000000100000000)
  eden space 63488K, 0% used [0x00000000d6f80000,0x00000000d6f80000,0x00000000dad80000)
  from space 5120K, 99% used [0x00000000db280000,0x00000000db77c010,0x00000000db780000)
  to   space 5120K, 0% used [0x00000000dad80000,0x00000000dad80000,0x00000000db280000)
 ParOldGen       total 84992K, used 5228K [0x0000000084e00000, 0x000000008a100000, 0x00000000d6f80000)
  object space 84992K, 6% used [0x0000000084e00000,0x000000008531b378,0x000000008a100000)
 Metaspace       used 15258K, capacity 15584K, committed 15744K, reserved 1062912K
  class space    used 1826K, capacity 1916K, committed 1920K, reserved 1048576K
}
Event: 2,660 GC heap before
{Heap before GC invocations=5 (full 0):
 PSYoungGen      total 68608K, used 68592K [0x00000000d6f80000, 0x00000000db780000, 0x0000000100000000)
  eden space 63488K, 100% used [0x00000000d6f80000,0x00000000dad80000,0x00000000dad80000)
  from space 5120K, 99% used [0x00000000db280000,0x00000000db77c010,0x00000000db780000)
  to   space 5120K, 0% used [0x00000000dad80000,0x00000000dad80000,0x00000000db280000)
 ParOldGen       total 84992K, used 5228K [0x0000000084e00000, 0x000000008a100000, 0x00000000d6f80000)
  object space 84992K, 6% used [0x0000000084e00000,0x000000008531b378,0x000000008a100000)
 Metaspace       used 20492K, capacity 20956K, committed 21120K, reserved 1067008K
  class space    used 2427K, capacity 2580K, committed 2688K, reserved 1048576K
Event: 2,701 GC heap after
Heap after GC invocations=5 (full 0):
 PSYoungGen      total 68608K, used 5104K [0x00000000d6f80000, 0x00000000e0580000, 0x0000000100000000)
  eden space 63488K, 0% used [0x00000000d6f80000,0x00000000d6f80000,0x00000000dad80000)
  from space 5120K, 99% used [0x00000000dad80000,0x00000000db27c010,0x00000000db280000)
  to   space 13312K, 0% used [0x00000000df880000,0x00000000df880000,0x00000000e0580000)
 ParOldGen       total 84992K, used 13656K [0x0000000084e00000, 0x000000008a100000, 0x00000000d6f80000)
  object space 84992K, 16% used [0x0000000084e00000,0x0000000085b56278,0x000000008a100000)
 Metaspace       used 20492K, capacity 20956K, committed 21120K, reserved 1067008K
  class space    used 2427K, capacity 2580K, committed 2688K, reserved 1048576K
}
Event: 2,737 GC heap before
{Heap before GC invocations=6 (full 0):
 PSYoungGen      total 68608K, used 10288K [0x00000000d6f80000, 0x00000000e0580000, 0x0000000100000000)
  eden space 63488K, 8% used [0x00000000d6f80000,0x00000000d7490358,0x00000000dad80000)
  from space 5120K, 99% used [0x00000000dad80000,0x00000000db27c010,0x00000000db280000)
  to   space 13312K, 0% used [0x00000000df880000,0x00000000df880000,0x00000000e0580000)
 ParOldGen       total 84992K, used 13656K [0x0000000084e00000, 0x000000008a100000, 0x00000000d6f80000)
  object space 84992K, 16% used [0x0000000084e00000,0x0000000085b56278,0x000000008a100000)
 Metaspace       used 20680K, capacity 21094K, committed 21296K, reserved 1069056K
  class space    used 2437K, capacity 2582K, committed 2688K, reserved 1048576K
Event: 2,754 GC heap after
Heap after GC invocations=6 (full 0):
 PSYoungGen      total 139264K, used 5759K [0x00000000d6f80000, 0x00000000e0480000, 0x0000000100000000)
  eden space 126976K, 0% used [0x00000000d6f80000,0x00000000d6f80000,0x00000000deb80000)
  from space 12288K, 46% used [0x00000000df880000,0x00000000dfe1fc28,0x00000000e0480000)
  to   space 12800K, 0% used [0x00000000deb80000,0x00000000deb80000,0x00000000df800000)
 ParOldGen       total 84992K, used 13664K [0x0000000084e00000, 0x000000008a100000, 0x00000000d6f80000)
  object space 84992K, 16% used [0x0000000084e00000,0x0000000085b58278,0x000000008a100000)
 Metaspace       used 20680K, capacity 21094K, committed 21296K, reserved 1069056K
  class space    used 2437K, capacity 2582K, committed 2688K, reserved 1048576K
}
Event: 2,754 GC heap before
{Heap before GC invocations=7 (full 1):
 PSYoungGen      total 139264K, used 5759K [0x00000000d6f80000, 0x00000000e0480000, 0x0000000100000000)
  eden space 126976K, 0% used [0x00000000d6f80000,0x00000000d6f80000,0x00000000deb80000)
  from space 12288K, 46% used [0x00000000df880000,0x00000000dfe1fc28,0x00000000e0480000)
  to   space 12800K, 0% used [0x00000000deb80000,0x00000000deb80000,0x00000000df800000)
 ParOldGen       total 84992K, used 13664K [0x0000000084e00000, 0x000000008a100000, 0x00000000d6f80000)
  object space 84992K, 16% used [0x0000000084e00000,0x0000000085b58278,0x000000008a100000)
 Metaspace       used 20680K, capacity 21094K, committed 21296K, reserved 1069056K
  class space    used 2437K, capacity 2582K, committed 2688K, reserved 1048576K
Event: 2,827 GC heap after
Heap after GC invocations=7 (full 1):
 PSYoungGen      total 139264K, used 0K [0x00000000d6f80000, 0x00000000e0480000, 0x0000000100000000)
  eden space 126976K, 0% used [0x00000000d6f80000,0x00000000d6f80000,0x00000000deb80000)
  from space 12288K, 0% used [0x00000000df880000,0x00000000df880000,0x00000000e0480000)
  to   space 12800K, 0% used [0x00000000deb80000,0x00000000deb80000,0x00000000df800000)
 ParOldGen       total 60928K, used 14415K [0x0000000084e00000, 0x0000000088980000, 0x00000000d6f80000)
  object space 60928K, 23% used [0x0000000084e00000,0x0000000085c13f78,0x0000000088980000)
 Metaspace       used 20680K, capacity 21094K, committed 21296K, reserved 1069056K
  class space    used 2437K, capacity 2582K, committed 2688K, reserved 1048576K
}
Event: 5,486 GC heap before
{Heap before GC invocations=8 (full 1):
 PSYoungGen      total 139264K, used 126497K [0x00000000d6f80000, 0x00000000e0480000, 0x0000000100000000)
  eden space 126976K, 99% used [0x00000000d6f80000,0x00000000deb08638,0x00000000deb80000)
  from space 12288K, 0% used [0x00000000df880000,0x00000000df880000,0x00000000e0480000)
  to   space 12800K, 0% used [0x00000000deb80000,0x00000000deb80000,0x00000000df800000)
 ParOldGen       total 60928K, used 14415K [0x0000000084e00000, 0x0000000088980000, 0x00000000d6f80000)
  object space 60928K, 23% used [0x0000000084e00000,0x0000000085c13f78,0x0000000088980000)
 Metaspace       used 26100K, capacity 26874K, committed 27136K, reserved 1073152K
  class space    used 3017K, capacity 3234K, committed 3328K, reserved 1048576K

